{"C:\\Users\\Алексей\\Desktop\\MyCodes\\test-pizza\\src\\App.tsx": {"path":"C:\\Users\\Алексей\\Desktop\\MyCodes\\test-pizza\\src\\App.tsx","statementMap":{"0":{"start":{"line":1,"column":0},"end":{"line":1,"column":49}},"1":{"start":{"line":2,"column":0},"end":{"line":2,"column":72}},"2":{"start":{"line":3,"column":0},"end":{"line":3,"column":41}},"3":{"start":{"line":4,"column":0},"end":{"line":4,"column":34}},"4":{"start":{"line":5,"column":0},"end":{"line":5,"column":42}},"5":{"start":{"line":6,"column":0},"end":{"line":6,"column":51}},"6":{"start":{"line":7,"column":0},"end":{"line":7,"column":48}},"7":{"start":{"line":8,"column":0},"end":{"line":8,"column":69}},"8":{"start":{"line":9,"column":0},"end":{"line":9,"column":72}},"9":{"start":{"line":12,"column":19},"end":{"line":12,"column":32}},"10":{"start":{"line":14,"column":2},"end":{"line":24,"column":17}},"11":{"start":{"line":15,"column":22},"end":{"line":22,"column":5}},"12":{"start":{"line":16,"column":6},"end":{"line":21,"column":7}},"13":{"start":{"line":17,"column":28},"end":{"line":17,"column":46}},"14":{"start":{"line":18,"column":8},"end":{"line":18,"column":42}},"15":{"start":{"line":20,"column":8},"end":{"line":20,"column":27}},"16":{"start":{"line":23,"column":4},"end":{"line":23,"column":16}},"17":{"start":{"line":26,"column":2},"end":{"line":33,"column":4}},"18":{"start":{"line":36,"column":0},"end":{"line":36,"column":19}}},"fnMap":{"0":{"name":"App","decl":{"start":{"line":11,"column":9},"end":{"line":11,"column":12}},"loc":{"start":{"line":11,"column":12},"end":{"line":34,"column":1}}},"1":{"name":"(anonymous_1)","decl":{"start":{"line":14,"column":12},"end":{"line":14,"column":15}},"loc":{"start":{"line":14,"column":17},"end":{"line":24,"column":3}}},"2":{"name":"(anonymous_2)","decl":{"start":{"line":15,"column":22},"end":{"line":15,"column":27}},"loc":{"start":{"line":15,"column":33},"end":{"line":22,"column":5}}}},"branchMap":{},"s":{"0":1,"1":1,"2":1,"3":1,"4":1,"5":1,"6":1,"7":1,"8":1,"9":1,"10":1,"11":1,"12":1,"13":1,"14":1,"15":0,"16":1,"17":1,"18":1},"f":{"0":1,"1":1,"2":1},"b":{}}
,"C:\\Users\\Алексей\\Desktop\\MyCodes\\test-pizza\\src\\error-page.tsx": {"path":"C:\\Users\\Алексей\\Desktop\\MyCodes\\test-pizza\\src\\error-page.tsx","statementMap":{"0":{"start":{"line":9,"column":9},"end":{"line":9,"column":18}},"1":{"start":{"line":2,"column":2},"end":{"line":6,"column":4}}},"fnMap":{"0":{"name":"ErrorPage","decl":{"start":{"line":1,"column":9},"end":{"line":1,"column":18}},"loc":{"start":{"line":1,"column":18},"end":{"line":7,"column":1}}}},"branchMap":{},"s":{"0":2,"1":1},"f":{"0":1},"b":{}}
,"C:\\Users\\Алексей\\Desktop\\MyCodes\\test-pizza\\src\\app\\store.ts": {"path":"C:\\Users\\Алексей\\Desktop\\MyCodes\\test-pizza\\src\\app\\store.ts","statementMap":{"0":{"start":{"line":1,"column":0},"end":{"line":1,"column":50}},"1":{"start":{"line":2,"column":0},"end":{"line":2,"column":46}},"2":{"start":{"line":4,"column":13},"end":{"line":8,"column":3}}},"fnMap":{},"branchMap":{},"s":{"0":3,"1":3,"2":3},"f":{},"b":{}}
,"C:\\Users\\Алексей\\Desktop\\MyCodes\\test-pizza\\src\\app\\workesListSlice.ts": {"path":"C:\\Users\\Алексей\\Desktop\\MyCodes\\test-pizza\\src\\app\\workesListSlice.ts","statementMap":{"0":{"start":{"line":1,"column":0},"end":{"line":1,"column":47}},"1":{"start":{"line":4,"column":13},"end":{"line":54,"column":3}},"2":{"start":{"line":13,"column":6},"end":{"line":13,"column":40}},"3":{"start":{"line":16,"column":6},"end":{"line":16,"column":44}},"4":{"start":{"line":19,"column":33},"end":{"line":19,"column":47}},"5":{"start":{"line":20,"column":6},"end":{"line":22,"column":9}},"6":{"start":{"line":21,"column":8},"end":{"line":21,"column":72}},"7":{"start":{"line":25,"column":6},"end":{"line":25,"column":49}},"8":{"start":{"line":26,"column":6},"end":{"line":30,"column":9}},"9":{"start":{"line":27,"column":8},"end":{"line":29,"column":41}},"10":{"start":{"line":33,"column":6},"end":{"line":33,"column":57}},"11":{"start":{"line":34,"column":6},"end":{"line":42,"column":9}},"12":{"start":{"line":35,"column":22},"end":{"line":37,"column":19}},"13":{"start":{"line":38,"column":22},"end":{"line":40,"column":19}},"14":{"start":{"line":41,"column":8},"end":{"line":41,"column":71}},"15":{"start":{"line":45,"column":23},"end":{"line":45,"column":37}},"16":{"start":{"line":46,"column":6},"end":{"line":51,"column":9}},"17":{"start":{"line":47,"column":8},"end":{"line":49,"column":9}},"18":{"start":{"line":48,"column":10},"end":{"line":48,"column":61}},"19":{"start":{"line":50,"column":8},"end":{"line":50,"column":22}},"20":{"start":{"line":56,"column":13},"end":{"line":62,"column":null}},"21":{"start":{"line":65,"column":0},"end":{"line":65,"column":39}}},"fnMap":{"0":{"name":"(anonymous_0)","decl":{"start":{"line":12,"column":16},"end":{"line":12,"column":17}},"loc":{"start":{"line":12,"column":34},"end":{"line":14,"column":5}}},"1":{"name":"(anonymous_1)","decl":{"start":{"line":15,"column":15},"end":{"line":15,"column":16}},"loc":{"start":{"line":15,"column":33},"end":{"line":17,"column":5}}},"2":{"name":"(anonymous_2)","decl":{"start":{"line":18,"column":16},"end":{"line":18,"column":17}},"loc":{"start":{"line":18,"column":34},"end":{"line":23,"column":5}}},"3":{"name":"(anonymous_3)","decl":{"start":{"line":20,"column":46},"end":{"line":20,"column":47}},"loc":{"start":{"line":20,"column":57},"end":{"line":22,"column":7}}},"4":{"name":"(anonymous_4)","decl":{"start":{"line":24,"column":22},"end":{"line":24,"column":23}},"loc":{"start":{"line":24,"column":32},"end":{"line":31,"column":5}}},"5":{"name":"(anonymous_5)","decl":{"start":{"line":26,"column":55},"end":{"line":26,"column":56}},"loc":{"start":{"line":26,"column":64},"end":{"line":30,"column":7}}},"6":{"name":"(anonymous_6)","decl":{"start":{"line":32,"column":26},"end":{"line":32,"column":27}},"loc":{"start":{"line":32,"column":36},"end":{"line":43,"column":5}}},"7":{"name":"(anonymous_7)","decl":{"start":{"line":34,"column":55},"end":{"line":34,"column":56}},"loc":{"start":{"line":34,"column":64},"end":{"line":42,"column":7}}},"8":{"name":"(anonymous_8)","decl":{"start":{"line":44,"column":18},"end":{"line":44,"column":19}},"loc":{"start":{"line":44,"column":36},"end":{"line":52,"column":5}}},"9":{"name":"(anonymous_9)","decl":{"start":{"line":46,"column":46},"end":{"line":46,"column":47}},"loc":{"start":{"line":46,"column":57},"end":{"line":51,"column":7}}}},"branchMap":{"0":{"loc":{"start":{"line":21,"column":15},"end":{"line":21,"column":71}},"type":"cond-expr","locations":[{"start":{"line":21,"column":34},"end":{"line":21,"column":62}},{"start":{"line":21,"column":65},"end":{"line":21,"column":71}}]},"1":{"loc":{"start":{"line":27,"column":15},"end":{"line":29,"column":40}},"type":"cond-expr","locations":[{"start":{"line":28,"column":12},"end":{"line":28,"column":40}},{"start":{"line":29,"column":12},"end":{"line":29,"column":40}}]},"2":{"loc":{"start":{"line":41,"column":15},"end":{"line":41,"column":70}},"type":"cond-expr","locations":[{"start":{"line":41,"column":41},"end":{"line":41,"column":54}},{"start":{"line":41,"column":57},"end":{"line":41,"column":70}}]},"3":{"loc":{"start":{"line":47,"column":8},"end":{"line":49,"column":9}},"type":"if","locations":[{"start":{"line":47,"column":8},"end":{"line":49,"column":9}}]}},"s":{"0":3,"1":3,"2":1,"3":0,"4":0,"5":0,"6":0,"7":1,"8":1,"9":0,"10":1,"11":1,"12":0,"13":0,"14":0,"15":0,"16":0,"17":0,"18":0,"19":0,"20":3,"21":3},"f":{"0":1,"1":0,"2":0,"3":0,"4":1,"5":0,"6":1,"7":0,"8":0,"9":0},"b":{"0":[0,0],"1":[0,0],"2":[0,0],"3":[0]}}
,"C:\\Users\\Алексей\\Desktop\\MyCodes\\test-pizza\\src\\components\\filterContainer\\filterContainer.tsx": {"path":"C:\\Users\\Алексей\\Desktop\\MyCodes\\test-pizza\\src\\components\\filterContainer\\filterContainer.tsx","statementMap":{"0":{"start":{"line":1,"column":0},"end":{"line":1,"column":32}},"1":{"start":{"line":2,"column":0},"end":{"line":2,"column":42}},"2":{"start":{"line":4,"column":24},"end":{"line":42,"column":null}},"3":{"start":{"line":12,"column":28},"end":{"line":16,"column":null}},"4":{"start":{"line":14,"column":8},"end":{"line":14,"column":40}},"5":{"start":{"line":18,"column":32},"end":{"line":22,"column":null}},"6":{"start":{"line":20,"column":8},"end":{"line":20,"column":44}},"7":{"start":{"line":25,"column":4},"end":{"line":41,"column":6}},"8":{"start":{"line":45,"column":9},"end":{"line":45,"column":24}}},"fnMap":{"0":{"name":"(anonymous_0)","decl":{"start":{"line":5,"column":2},"end":{"line":5,"column":3}},"loc":{"start":{"line":11,"column":7},"end":{"line":42,"column":3}}},"1":{"name":"(anonymous_1)","decl":{"start":{"line":13,"column":6},"end":{"line":13,"column":7}},"loc":{"start":{"line":13,"column":54},"end":{"line":15,"column":7}}},"2":{"name":"(anonymous_2)","decl":{"start":{"line":19,"column":6},"end":{"line":19,"column":7}},"loc":{"start":{"line":19,"column":54},"end":{"line":21,"column":7}}}},"branchMap":{},"s":{"0":2,"1":2,"2":2,"3":3,"4":1,"5":3,"6":1,"7":3,"8":2},"f":{"0":3,"1":1,"2":1},"b":{}}
,"C:\\Users\\Алексей\\Desktop\\MyCodes\\test-pizza\\src\\components\\sortContainer\\sortContainer.tsx": {"path":"C:\\Users\\Алексей\\Desktop\\MyCodes\\test-pizza\\src\\components\\sortContainer\\sortContainer.tsx","statementMap":{"0":{"start":{"line":1,"column":0},"end":{"line":1,"column":42}},"1":{"start":{"line":2,"column":0},"end":{"line":2,"column":42}},"2":{"start":{"line":3,"column":0},"end":{"line":3,"column":null}},"3":{"start":{"line":8,"column":22},"end":{"line":30,"column":2}},"4":{"start":{"line":9,"column":19},"end":{"line":9,"column":32}},"5":{"start":{"line":11,"column":27},"end":{"line":13,"column":null}},"6":{"start":{"line":12,"column":10},"end":{"line":12,"column":38}},"7":{"start":{"line":15,"column":31},"end":{"line":17,"column":null}},"8":{"start":{"line":16,"column":10},"end":{"line":16,"column":42}},"9":{"start":{"line":20,"column":2},"end":{"line":29,"column":4}},"10":{"start":{"line":32,"column":9},"end":{"line":32,"column":22}}},"fnMap":{"0":{"name":"(anonymous_0)","decl":{"start":{"line":8,"column":27},"end":{"line":8,"column":30}},"loc":{"start":{"line":8,"column":32},"end":{"line":30,"column":1}}},"1":{"name":"(anonymous_1)","decl":{"start":{"line":12,"column":4},"end":{"line":12,"column":7}},"loc":{"start":{"line":12,"column":10},"end":{"line":12,"column":38}}},"2":{"name":"(anonymous_2)","decl":{"start":{"line":16,"column":4},"end":{"line":16,"column":7}},"loc":{"start":{"line":16,"column":10},"end":{"line":16,"column":42}}}},"branchMap":{},"s":{"0":2,"1":2,"2":2,"3":2,"4":3,"5":3,"6":1,"7":3,"8":1,"9":3,"10":2},"f":{"0":3,"1":1,"2":1},"b":{}}
,"C:\\Users\\Алексей\\Desktop\\MyCodes\\test-pizza\\src\\components\\workers\\workerForm.tsx": {"path":"C:\\Users\\Алексей\\Desktop\\MyCodes\\test-pizza\\src\\components\\workers\\workerForm.tsx","statementMap":{"0":{"start":{"line":120,"column":9},"end":{"line":120,"column":19}},"1":{"start":{"line":1,"column":0},"end":{"line":1,"column":27}},"2":{"start":{"line":2,"column":0},"end":{"line":2,"column":42}},"3":{"start":{"line":3,"column":0},"end":{"line":3,"column":53}},"4":{"start":{"line":4,"column":0},"end":{"line":4,"column":66}},"5":{"start":{"line":6,"column":0},"end":{"line":6,"column":42}},"6":{"start":{"line":17,"column":19},"end":{"line":17,"column":32}},"7":{"start":{"line":18,"column":19},"end":{"line":18,"column":32}},"8":{"start":{"line":24,"column":6},"end":{"line":24,"column":37}},"9":{"start":{"line":26,"column":27},"end":{"line":39,"column":3}},"10":{"start":{"line":27,"column":4},"end":{"line":38,"column":5}},"11":{"start":{"line":28,"column":6},"end":{"line":34,"column":7}},"12":{"start":{"line":29,"column":8},"end":{"line":29,"column":35}},"13":{"start":{"line":30,"column":8},"end":{"line":30,"column":34}},"14":{"start":{"line":31,"column":13},"end":{"line":34,"column":7}},"15":{"start":{"line":32,"column":8},"end":{"line":32,"column":29}},"16":{"start":{"line":33,"column":8},"end":{"line":33,"column":74}},"17":{"start":{"line":35,"column":6},"end":{"line":35,"column":20}},"18":{"start":{"line":37,"column":6},"end":{"line":37,"column":25}},"19":{"start":{"line":41,"column":2},"end":{"line":117,"column":4}},"20":{"start":{"line":62,"column":12},"end":{"line":64,"column":13}},"21":{"start":{"line":63,"column":14},"end":{"line":63,"column":54}},"22":{"start":{"line":65,"column":12},"end":{"line":67,"column":13}},"23":{"start":{"line":66,"column":14},"end":{"line":66,"column":51}},"24":{"start":{"line":68,"column":12},"end":{"line":68,"column":24}}},"fnMap":{"0":{"name":"WorkerForm","decl":{"start":{"line":8,"column":9},"end":{"line":8,"column":19}},"loc":{"start":{"line":16,"column":1},"end":{"line":118,"column":1}}},"1":{"name":"(anonymous_1)","decl":{"start":{"line":26,"column":27},"end":{"line":26,"column":32}},"loc":{"start":{"line":26,"column":64},"end":{"line":39,"column":3}}},"2":{"name":"(anonymous_2)","decl":{"start":{"line":61,"column":20},"end":{"line":61,"column":21}},"loc":{"start":{"line":61,"column":30},"end":{"line":69,"column":11}}}},"branchMap":{"0":{"loc":{"start":{"line":9,"column":2},"end":{"line":9,"column":14}},"type":"default-arg","locations":[{"start":{"line":9,"column":9},"end":{"line":9,"column":14}}]},"1":{"loc":{"start":{"line":10,"column":2},"end":{"line":10,"column":22}},"type":"default-arg","locations":[{"start":{"line":10,"column":21},"end":{"line":10,"column":22}}]},"2":{"loc":{"start":{"line":28,"column":6},"end":{"line":34,"column":7}},"type":"if","locations":[{"start":{"line":28,"column":6},"end":{"line":34,"column":7}},{"start":{"line":31,"column":13},"end":{"line":34,"column":7}}]},"3":{"loc":{"start":{"line":31,"column":13},"end":{"line":34,"column":7}},"type":"if","locations":[{"start":{"line":31,"column":13},"end":{"line":34,"column":7}}]},"4":{"loc":{"start":{"line":54,"column":22},"end":{"line":54,"column":47}},"type":"cond-expr","locations":[{"start":{"line":54,"column":31},"end":{"line":54,"column":42}},{"start":{"line":54,"column":45},"end":{"line":54,"column":47}}]},"5":{"loc":{"start":{"line":57,"column":7},"end":{"line":57,"column":56}},"type":"binary-expr","locations":[{"start":{"line":57,"column":7},"end":{"line":57,"column":18}},{"start":{"line":57,"column":22},"end":{"line":57,"column":56}}]},"6":{"loc":{"start":{"line":62,"column":12},"end":{"line":64,"column":13}},"type":"if","locations":[{"start":{"line":62,"column":12},"end":{"line":64,"column":13}}]},"7":{"loc":{"start":{"line":65,"column":12},"end":{"line":67,"column":13}},"type":"if","locations":[{"start":{"line":65,"column":12},"end":{"line":67,"column":13}}]},"8":{"loc":{"start":{"line":74,"column":10},"end":{"line":74,"column":70}},"type":"cond-expr","locations":[{"start":{"line":74,"column":19},"end":{"line":74,"column":65}},{"start":{"line":74,"column":68},"end":{"line":74,"column":70}}]},"9":{"loc":{"start":{"line":78,"column":7},"end":{"line":78,"column":64}},"type":"binary-expr","locations":[{"start":{"line":78,"column":7},"end":{"line":78,"column":22}},{"start":{"line":78,"column":26},"end":{"line":78,"column":64}}]},"10":{"loc":{"start":{"line":89,"column":22},"end":{"line":89,"column":48}},"type":"cond-expr","locations":[{"start":{"line":89,"column":31},"end":{"line":89,"column":43}},{"start":{"line":89,"column":46},"end":{"line":89,"column":48}}]},"11":{"loc":{"start":{"line":92,"column":7},"end":{"line":92,"column":58}},"type":"binary-expr","locations":[{"start":{"line":92,"column":7},"end":{"line":92,"column":19}},{"start":{"line":92,"column":23},"end":{"line":92,"column":58}}]},"12":{"loc":{"start":{"line":95,"column":22},"end":{"line":95,"column":47}},"type":"cond-expr","locations":[{"start":{"line":95,"column":31},"end":{"line":95,"column":42}},{"start":{"line":95,"column":45},"end":{"line":95,"column":47}}]},"13":{"loc":{"start":{"line":103,"column":7},"end":{"line":103,"column":56}},"type":"binary-expr","locations":[{"start":{"line":103,"column":7},"end":{"line":103,"column":18}},{"start":{"line":103,"column":22},"end":{"line":103,"column":56}}]},"14":{"loc":{"start":{"line":108,"column":26},"end":{"line":108,"column":59}},"type":"cond-expr","locations":[{"start":{"line":108,"column":35},"end":{"line":108,"column":51}},{"start":{"line":108,"column":54},"end":{"line":108,"column":59}}]},"15":{"loc":{"start":{"line":113,"column":9},"end":{"line":113,"column":57}},"type":"cond-expr","locations":[{"start":{"line":113,"column":16},"end":{"line":113,"column":33}},{"start":{"line":113,"column":36},"end":{"line":113,"column":57}}]}},"s":{"0":1,"1":1,"2":1,"3":1,"4":1,"5":1,"6":0,"7":0,"8":0,"9":0,"10":0,"11":0,"12":0,"13":0,"14":0,"15":0,"16":0,"17":0,"18":0,"19":0,"20":0,"21":0,"22":0,"23":0,"24":0},"f":{"0":0,"1":0,"2":0},"b":{"0":[0],"1":[0],"2":[0,0],"3":[0],"4":[0,0],"5":[0,0],"6":[0],"7":[0],"8":[0,0],"9":[0,0],"10":[0,0],"11":[0,0],"12":[0,0],"13":[0,0],"14":[0,0],"15":[0,0]}}
,"C:\\Users\\Алексей\\Desktop\\MyCodes\\test-pizza\\src\\components\\workers\\editWorker\\editWorker.tsx": {"path":"C:\\Users\\Алексей\\Desktop\\MyCodes\\test-pizza\\src\\components\\workers\\editWorker\\editWorker.tsx","statementMap":{"0":{"start":{"line":23,"column":9},"end":{"line":23,"column":19}},"1":{"start":{"line":1,"column":0},"end":{"line":1,"column":51}},"2":{"start":{"line":2,"column":0},"end":{"line":2,"column":43}},"3":{"start":{"line":3,"column":0},"end":{"line":3,"column":42}},"4":{"start":{"line":7,"column":17},"end":{"line":7,"column":28}},"5":{"start":{"line":8,"column":21},"end":{"line":9,"column":null}},"6":{"start":{"line":9,"column":26},"end":{"line":9,"column":50}},"7":{"start":{"line":11,"column":21},"end":{"line":11,"column":74}},"8":{"start":{"line":11,"column":49},"end":{"line":11,"column":73}},"9":{"start":{"line":12,"column":2},"end":{"line":19,"column":3}},"10":{"start":{"line":13,"column":4},"end":{"line":18,"column":6}},"11":{"start":{"line":20,"column":2},"end":{"line":20,"column":56}}},"fnMap":{"0":{"name":"EditWorker","decl":{"start":{"line":6,"column":9},"end":{"line":6,"column":19}},"loc":{"start":{"line":6,"column":19},"end":{"line":21,"column":1}}},"1":{"name":"(anonymous_1)","decl":{"start":{"line":9,"column":4},"end":{"line":9,"column":5}},"loc":{"start":{"line":9,"column":26},"end":{"line":9,"column":50}}},"2":{"name":"(anonymous_2)","decl":{"start":{"line":11,"column":37},"end":{"line":11,"column":38}},"loc":{"start":{"line":11,"column":49},"end":{"line":11,"column":73}}}},"branchMap":{"0":{"loc":{"start":{"line":12,"column":2},"end":{"line":19,"column":3}},"type":"if","locations":[{"start":{"line":12,"column":2},"end":{"line":19,"column":3}}]}},"s":{"0":1,"1":1,"2":1,"3":1,"4":0,"5":0,"6":0,"7":0,"8":0,"9":0,"10":0,"11":0},"f":{"0":0,"1":0,"2":0},"b":{"0":[0]}}
,"C:\\Users\\Алексей\\Desktop\\MyCodes\\test-pizza\\src\\components\\workers\\newWorker\\newWorker.tsx": {"path":"C:\\Users\\Алексей\\Desktop\\MyCodes\\test-pizza\\src\\components\\workers\\newWorker\\newWorker.tsx","statementMap":{"0":{"start":{"line":13,"column":9},"end":{"line":13,"column":18}},"1":{"start":{"line":2,"column":0},"end":{"line":2,"column":42}},"2":{"start":{"line":3,"column":0},"end":{"line":3,"column":43}},"3":{"start":{"line":6,"column":27},"end":{"line":7,"column":null}},"4":{"start":{"line":7,"column":26},"end":{"line":7,"column":50}},"5":{"start":{"line":10,"column":2},"end":{"line":10,"column":71}}},"fnMap":{"0":{"name":"NewWorker","decl":{"start":{"line":5,"column":9},"end":{"line":5,"column":18}},"loc":{"start":{"line":5,"column":18},"end":{"line":11,"column":1}}},"1":{"name":"(anonymous_1)","decl":{"start":{"line":7,"column":4},"end":{"line":7,"column":5}},"loc":{"start":{"line":7,"column":26},"end":{"line":7,"column":50}}}},"branchMap":{},"s":{"0":1,"1":1,"2":1,"3":0,"4":0,"5":0},"f":{"0":0,"1":0},"b":{}}
,"C:\\Users\\Алексей\\Desktop\\MyCodes\\test-pizza\\src\\components\\workers\\workerList\\workerList.tsx": {"path":"C:\\Users\\Алексей\\Desktop\\MyCodes\\test-pizza\\src\\components\\workers\\workerList\\workerList.tsx","statementMap":{"0":{"start":{"line":1,"column":0},"end":{"line":1,"column":27}},"1":{"start":{"line":2,"column":0},"end":{"line":2,"column":40}},"2":{"start":{"line":3,"column":0},"end":{"line":3,"column":66}},"3":{"start":{"line":4,"column":0},"end":{"line":4,"column":55}},"4":{"start":{"line":5,"column":0},"end":{"line":5,"column":72}},"5":{"start":{"line":6,"column":0},"end":{"line":6,"column":60}},"6":{"start":{"line":7,"column":0},"end":{"line":7,"column":78}},"7":{"start":{"line":9,"column":0},"end":{"line":9,"column":63}},"8":{"start":{"line":11,"column":19},"end":{"line":89,"column":2}},"9":{"start":{"line":12,"column":18},"end":{"line":12,"column":77}},"10":{"start":{"line":12,"column":52},"end":{"line":12,"column":76}},"11":{"start":{"line":13,"column":19},"end":{"line":13,"column":32}},"12":{"start":{"line":14,"column":42},"end":{"line":14,"column":75}},"13":{"start":{"line":16,"column":29},"end":{"line":20,"column":null}},"14":{"start":{"line":18,"column":6},"end":{"line":18,"column":54}},"15":{"start":{"line":23,"column":22},"end":{"line":25,"column":8}},"16":{"start":{"line":24,"column":4},"end":{"line":24,"column":61}},"17":{"start":{"line":27,"column":26},"end":{"line":29,"column":8}},"18":{"start":{"line":28,"column":4},"end":{"line":28,"column":71}},"19":{"start":{"line":31,"column":23},"end":{"line":41,"column":4}},"20":{"start":{"line":33,"column":6},"end":{"line":34,"column":52}},"21":{"start":{"line":36,"column":6},"end":{"line":38,"column":38}},"22":{"start":{"line":40,"column":4},"end":{"line":40,"column":37}},"23":{"start":{"line":43,"column":2},"end":{"line":47,"column":16}},"24":{"start":{"line":44,"column":4},"end":{"line":46,"column":5}},"25":{"start":{"line":45,"column":6},"end":{"line":45,"column":68}},"26":{"start":{"line":49,"column":2},"end":{"line":88,"column":4}},"27":{"start":{"line":65,"column":14},"end":{"line":65,"column":null}},"28":{"start":{"line":91,"column":9},"end":{"line":91,"column":19}}},"fnMap":{"0":{"name":"(anonymous_0)","decl":{"start":{"line":11,"column":24},"end":{"line":11,"column":27}},"loc":{"start":{"line":11,"column":29},"end":{"line":89,"column":1}}},"1":{"name":"(anonymous_1)","decl":{"start":{"line":12,"column":30},"end":{"line":12,"column":31}},"loc":{"start":{"line":12,"column":52},"end":{"line":12,"column":76}}},"2":{"name":"(anonymous_2)","decl":{"start":{"line":17,"column":4},"end":{"line":17,"column":5}},"loc":{"start":{"line":17,"column":45},"end":{"line":19,"column":5}}},"3":{"name":"(anonymous_3)","decl":{"start":{"line":23,"column":34},"end":{"line":23,"column":35}},"loc":{"start":{"line":23,"column":50},"end":{"line":25,"column":3}}},"4":{"name":"(anonymous_4)","decl":{"start":{"line":27,"column":38},"end":{"line":27,"column":39}},"loc":{"start":{"line":27,"column":60},"end":{"line":29,"column":3}}},"5":{"name":"(anonymous_5)","decl":{"start":{"line":31,"column":51},"end":{"line":31,"column":52}},"loc":{"start":{"line":31,"column":62},"end":{"line":41,"column":3}}},"6":{"name":"(anonymous_6)","decl":{"start":{"line":43,"column":12},"end":{"line":43,"column":15}},"loc":{"start":{"line":43,"column":17},"end":{"line":47,"column":3}}},"7":{"name":"(anonymous_7)","decl":{"start":{"line":64,"column":30},"end":{"line":64,"column":31}},"loc":{"start":{"line":65,"column":14},"end":{"line":65,"column":null}}}},"branchMap":{"0":{"loc":{"start":{"line":33,"column":6},"end":{"line":34,"column":52}},"type":"binary-expr","locations":[{"start":{"line":33,"column":6},"end":{"line":33,"column":31}},{"start":{"line":34,"column":6},"end":{"line":34,"column":52}}]},"1":{"loc":{"start":{"line":36,"column":6},"end":{"line":38,"column":38}},"type":"binary-expr","locations":[{"start":{"line":36,"column":7},"end":{"line":36,"column":48}},{"start":{"line":36,"column":52},"end":{"line":36,"column":68}},{"start":{"line":37,"column":7},"end":{"line":37,"column":48}},{"start":{"line":37,"column":52},"end":{"line":37,"column":69}},{"start":{"line":38,"column":6},"end":{"line":38,"column":38}}]},"2":{"loc":{"start":{"line":40,"column":11},"end":{"line":40,"column":36}},"type":"binary-expr","locations":[{"start":{"line":40,"column":11},"end":{"line":40,"column":20}},{"start":{"line":40,"column":24},"end":{"line":40,"column":36}}]},"3":{"loc":{"start":{"line":44,"column":4},"end":{"line":46,"column":5}},"type":"if","locations":[{"start":{"line":44,"column":4},"end":{"line":46,"column":5}}]},"4":{"loc":{"start":{"line":51,"column":7},"end":{"line":85,"column":null}},"type":"cond-expr","locations":[{"start":{"line":52,"column":8},"end":{"line":82,"column":null}},{"start":{"line":85,"column":8},"end":{"line":85,"column":44}}]}},"s":{"0":1,"1":1,"2":1,"3":1,"4":1,"5":1,"6":1,"7":1,"8":1,"9":2,"10":4,"11":2,"12":2,"13":2,"14":0,"15":2,"16":0,"17":2,"18":0,"19":2,"20":0,"21":0,"22":0,"23":2,"24":2,"25":0,"26":2,"27":0,"28":1},"f":{"0":2,"1":4,"2":0,"3":0,"4":0,"5":0,"6":2,"7":0},"b":{"0":[0,0],"1":[0,0,0,0,0],"2":[0,0],"3":[0],"4":[2,0]}}
,"C:\\Users\\Алексей\\Desktop\\MyCodes\\test-pizza\\src\\utils\\reducer.ts": {"path":"C:\\Users\\Алексей\\Desktop\\MyCodes\\test-pizza\\src\\utils\\reducer.ts","statementMap":{"0":{"start":{"line":33,"column":9},"end":{"line":33,"column":16}},"1":{"start":{"line":14,"column":28},"end":{"line":18,"column":2}},"2":{"start":{"line":33,"column":18},"end":{"line":33,"column":30}},"3":{"start":{"line":21,"column":2},"end":{"line":30,"column":3}},"4":{"start":{"line":23,"column":6},"end":{"line":23,"column":51}},"5":{"start":{"line":25,"column":6},"end":{"line":25,"column":55}},"6":{"start":{"line":27,"column":6},"end":{"line":27,"column":56}},"7":{"start":{"line":29,"column":6},"end":{"line":29,"column":19}}},"fnMap":{"0":{"name":"reducer","decl":{"start":{"line":20,"column":9},"end":{"line":20,"column":16}},"loc":{"start":{"line":20,"column":45},"end":{"line":31,"column":1}}}},"branchMap":{"0":{"loc":{"start":{"line":21,"column":2},"end":{"line":30,"column":3}},"type":"switch","locations":[{"start":{"line":22,"column":4},"end":{"line":23,"column":51}},{"start":{"line":24,"column":4},"end":{"line":25,"column":55}},{"start":{"line":26,"column":4},"end":{"line":27,"column":56}},{"start":{"line":28,"column":4},"end":{"line":29,"column":19}}]}},"s":{"0":1,"1":1,"2":1,"3":0,"4":0,"5":0,"6":0,"7":0},"f":{"0":0},"b":{"0":[0,0,0,0]}}
,"C:\\Users\\Алексей\\Desktop\\MyCodes\\test-pizza\\src\\utils\\workerList.ts": {"path":"C:\\Users\\Алексей\\Desktop\\MyCodes\\test-pizza\\src\\utils\\workerList.ts","statementMap":{"0":{"start":{"line":20,"column":9},"end":{"line":20,"column":19}},"1":{"start":{"line":4,"column":2},"end":{"line":17,"column":7}},"2":{"start":{"line":6,"column":6},"end":{"line":8,"column":7}},"3":{"start":{"line":7,"column":8},"end":{"line":7,"column":74}},"4":{"start":{"line":9,"column":6},"end":{"line":9,"column":24}},"5":{"start":{"line":12,"column":6},"end":{"line":12,"column":34}},"6":{"start":{"line":15,"column":6},"end":{"line":15,"column":38}},"7":{"start":{"line":16,"column":6},"end":{"line":16,"column":16}}},"fnMap":{"0":{"name":"workerList","decl":{"start":{"line":3,"column":15},"end":{"line":3,"column":25}},"loc":{"start":{"line":3,"column":25},"end":{"line":18,"column":1}}},"1":{"name":"(anonymous_1)","decl":{"start":{"line":5,"column":10},"end":{"line":5,"column":11}},"loc":{"start":{"line":5,"column":18},"end":{"line":10,"column":5}}},"2":{"name":"(anonymous_2)","decl":{"start":{"line":11,"column":10},"end":{"line":11,"column":11}},"loc":{"start":{"line":11,"column":22},"end":{"line":13,"column":5}}},"3":{"name":"(anonymous_3)","decl":{"start":{"line":14,"column":11},"end":{"line":14,"column":12}},"loc":{"start":{"line":14,"column":21},"end":{"line":17,"column":5}}}},"branchMap":{"0":{"loc":{"start":{"line":6,"column":6},"end":{"line":8,"column":7}},"type":"if","locations":[{"start":{"line":6,"column":6},"end":{"line":8,"column":7}}]}},"s":{"0":2,"1":3,"2":3,"3":1,"4":2,"5":1,"6":2,"7":2},"f":{"0":3,"1":3,"2":1,"3":2},"b":{"0":[1]}}
}
