TN:
SF:src\App.tsx
FN:11,App
FN:14,(anonymous_1)
FN:15,(anonymous_2)
FNF:3
FNH:3
FNDA:1,App
FNDA:1,(anonymous_1)
FNDA:1,(anonymous_2)
DA:1,1
DA:2,1
DA:3,1
DA:4,1
DA:5,1
DA:6,1
DA:7,1
DA:8,1
DA:9,1
DA:12,1
DA:14,1
DA:15,1
DA:16,1
DA:17,1
DA:18,1
DA:20,0
DA:23,1
DA:26,1
DA:36,1
LF:19
LH:18
BRF:0
BRH:0
end_of_record
TN:
SF:src\error-page.tsx
FN:1,ErrorPage
FNF:1
FNH:1
FNDA:1,ErrorPage
DA:2,1
DA:9,2
LF:2
LH:2
BRF:0
BRH:0
end_of_record
TN:
SF:src\app\store.ts
FNF:0
FNH:0
DA:1,3
DA:2,3
DA:4,3
LF:3
LH:3
BRF:0
BRH:0
end_of_record
TN:
SF:src\app\workesListSlice.ts
FN:12,(anonymous_0)
FN:15,(anonymous_1)
FN:18,(anonymous_2)
FN:20,(anonymous_3)
FN:24,(anonymous_4)
FN:26,(anonymous_5)
FN:32,(anonymous_6)
FN:34,(anonymous_7)
FN:44,(anonymous_8)
FN:46,(anonymous_9)
FNF:10
FNH:3
FNDA:1,(anonymous_0)
FNDA:0,(anonymous_1)
FNDA:0,(anonymous_2)
FNDA:0,(anonymous_3)
FNDA:1,(anonymous_4)
FNDA:0,(anonymous_5)
FNDA:1,(anonymous_6)
FNDA:0,(anonymous_7)
FNDA:0,(anonymous_8)
FNDA:0,(anonymous_9)
DA:1,3
DA:4,3
DA:13,1
DA:16,0
DA:19,0
DA:20,0
DA:21,0
DA:25,1
DA:26,1
DA:27,0
DA:33,1
DA:34,1
DA:35,0
DA:38,0
DA:41,0
DA:45,0
DA:46,0
DA:47,0
DA:48,0
DA:50,0
DA:56,3
DA:65,3
LF:22
LH:9
BRDA:21,0,0,0
BRDA:21,0,1,0
BRDA:27,1,0,0
BRDA:27,1,1,0
BRDA:41,2,0,0
BRDA:41,2,1,0
BRDA:47,3,0,0
BRF:7
BRH:0
end_of_record
TN:
SF:src\components\filterContainer\filterContainer.tsx
FN:5,(anonymous_0)
FN:13,(anonymous_1)
FN:19,(anonymous_2)
FNF:3
FNH:3
FNDA:3,(anonymous_0)
FNDA:1,(anonymous_1)
FNDA:1,(anonymous_2)
DA:1,2
DA:2,2
DA:4,2
DA:12,3
DA:14,1
DA:18,3
DA:20,1
DA:25,3
DA:45,2
LF:9
LH:9
BRF:0
BRH:0
end_of_record
TN:
SF:src\components\sortContainer\sortContainer.tsx
FN:8,(anonymous_0)
FN:12,(anonymous_1)
FN:16,(anonymous_2)
FNF:3
FNH:3
FNDA:3,(anonymous_0)
FNDA:1,(anonymous_1)
FNDA:1,(anonymous_2)
DA:1,2
DA:2,2
DA:3,2
DA:8,2
DA:9,3
DA:11,3
DA:12,1
DA:15,3
DA:16,1
DA:20,3
DA:32,2
LF:11
LH:11
BRF:0
BRH:0
end_of_record
TN:
SF:src\components\workers\workerForm.tsx
FN:8,WorkerForm
FN:26,(anonymous_1)
FN:61,(anonymous_2)
FNF:3
FNH:0
FNDA:0,WorkerForm
FNDA:0,(anonymous_1)
FNDA:0,(anonymous_2)
DA:1,1
DA:2,1
DA:3,1
DA:4,1
DA:6,1
DA:17,0
DA:18,0
DA:24,0
DA:26,0
DA:27,0
DA:28,0
DA:29,0
DA:30,0
DA:31,0
DA:32,0
DA:33,0
DA:35,0
DA:37,0
DA:41,0
DA:62,0
DA:63,0
DA:65,0
DA:66,0
DA:68,0
DA:120,1
LF:25
LH:6
BRDA:9,0,0,0
BRDA:10,1,0,0
BRDA:28,2,0,0
BRDA:28,2,1,0
BRDA:31,3,0,0
BRDA:54,4,0,0
BRDA:54,4,1,0
BRDA:57,5,0,0
BRDA:57,5,1,0
BRDA:62,6,0,0
BRDA:65,7,0,0
BRDA:74,8,0,0
BRDA:74,8,1,0
BRDA:78,9,0,0
BRDA:78,9,1,0
BRDA:89,10,0,0
BRDA:89,10,1,0
BRDA:92,11,0,0
BRDA:92,11,1,0
BRDA:95,12,0,0
BRDA:95,12,1,0
BRDA:103,13,0,0
BRDA:103,13,1,0
BRDA:108,14,0,0
BRDA:108,14,1,0
BRDA:113,15,0,0
BRDA:113,15,1,0
BRF:27
BRH:0
end_of_record
TN:
SF:src\components\workers\editWorker\editWorker.tsx
FN:6,EditWorker
FN:9,(anonymous_1)
FN:11,(anonymous_2)
FNF:3
FNH:0
FNDA:0,EditWorker
FNDA:0,(anonymous_1)
FNDA:0,(anonymous_2)
DA:1,1
DA:2,1
DA:3,1
DA:7,0
DA:8,0
DA:9,0
DA:11,0
DA:12,0
DA:13,0
DA:20,0
DA:23,1
LF:11
LH:4
BRDA:12,0,0,0
BRF:1
BRH:0
end_of_record
TN:
SF:src\components\workers\newWorker\newWorker.tsx
FN:5,NewWorker
FN:7,(anonymous_1)
FNF:2
FNH:0
FNDA:0,NewWorker
FNDA:0,(anonymous_1)
DA:2,1
DA:3,1
DA:6,0
DA:7,0
DA:10,0
DA:13,1
LF:6
LH:3
BRF:0
BRH:0
end_of_record
TN:
SF:src\components\workers\workerList\workerList.tsx
FN:11,(anonymous_0)
FN:12,(anonymous_1)
FN:17,(anonymous_2)
FN:23,(anonymous_3)
FN:27,(anonymous_4)
FN:31,(anonymous_5)
FN:43,(anonymous_6)
FN:64,(anonymous_7)
FNF:8
FNH:3
FNDA:2,(anonymous_0)
FNDA:4,(anonymous_1)
FNDA:0,(anonymous_2)
FNDA:0,(anonymous_3)
FNDA:0,(anonymous_4)
FNDA:0,(anonymous_5)
FNDA:2,(anonymous_6)
FNDA:0,(anonymous_7)
DA:1,1
DA:2,1
DA:3,1
DA:4,1
DA:5,1
DA:6,1
DA:7,1
DA:9,1
DA:11,1
DA:12,4
DA:13,2
DA:14,2
DA:16,2
DA:18,0
DA:23,2
DA:24,0
DA:27,2
DA:28,0
DA:31,2
DA:33,0
DA:36,0
DA:40,0
DA:43,2
DA:44,2
DA:45,0
DA:49,2
DA:65,0
DA:91,1
LF:28
LH:20
BRDA:33,0,0,0
BRDA:33,0,1,0
BRDA:36,1,0,0
BRDA:36,1,1,0
BRDA:36,1,2,0
BRDA:36,1,3,0
BRDA:36,1,4,0
BRDA:40,2,0,0
BRDA:40,2,1,0
BRDA:44,3,0,0
BRDA:51,4,0,2
BRDA:51,4,1,0
BRF:12
BRH:1
end_of_record
TN:
SF:src\utils\reducer.ts
FN:20,reducer
FNF:1
FNH:0
FNDA:0,reducer
DA:14,1
DA:21,0
DA:23,0
DA:25,0
DA:27,0
DA:29,0
DA:33,1
LF:7
LH:2
BRDA:21,0,0,0
BRDA:21,0,1,0
BRDA:21,0,2,0
BRDA:21,0,3,0
BRF:4
BRH:0
end_of_record
TN:
SF:src\utils\workerList.ts
FN:3,workerList
FN:5,(anonymous_1)
FN:11,(anonymous_2)
FN:14,(anonymous_3)
FNF:4
FNH:4
FNDA:3,workerList
FNDA:3,(anonymous_1)
FNDA:1,(anonymous_2)
FNDA:2,(anonymous_3)
DA:4,3
DA:6,3
DA:7,1
DA:9,2
DA:12,1
DA:15,2
DA:16,2
DA:20,2
LF:8
LH:8
BRDA:6,0,0,1
BRF:1
BRH:1
end_of_record
